Arguments: 
  /usr/bin/node /usr/share/yarn/bin/yarn.js add pg

PATH: 
  /usr/local/sbin:/usr/local/bin:/usr/sbin:/usr/bin:/sbin:/bin:/usr/games:/usr/local/games:/home/eduardofarias/Android/Sdk/tools:/home/eduardofarias/Android/Sdk/platform-tools:/home/eduardofarias/flutter/bin:/home/eduardofarias/Android/Sdk/tools:/home/eduardofarias/Android/Sdk/platform-tools:/home/eduardofarias/Works/GITHUB/WEB/adonis_api/flutter/bin

Yarn version: 
  1.17.3

Node version: 
  10.16.3

Platform: 
  linux x64

Trace: 
  Error: EACCES: permission denied, unlink '/home/eduardofarias/Works/GITHUB/WEB/adonis_api/node_modules/buffer-writer/.travis.yml'

npm manifest: 
  {
    "name": "adonis-api-app",
    "version": "4.1.0",
    "adonis-version": "4.1.0",
    "description": "Adonisjs boilerplate for API server with pre-configured JWT",
    "main": "index.js",
    "scripts": {
      "start": "node server.js",
      "test": "node ace test"
    },
    "keywords": [
      "adonisjs",
      "adonis-app"
    ],
    "author": "",
    "license": "UNLICENSED",
    "private": true,
    "dependencies": {
      "@adonisjs/ace": "^5.0.8",
      "@adonisjs/auth": "^3.0.7",
      "@adonisjs/bodyparser": "^2.0.5",
      "@adonisjs/cors": "^1.0.7",
      "@adonisjs/fold": "^4.0.9",
      "@adonisjs/framework": "^5.0.9",
      "@adonisjs/ignitor": "^2.0.8",
      "@adonisjs/lucid": "^6.1.3",
      "pg": "^7.12.1"
    },
    "devDependencies": {},
    "autoload": {
      "App": "./app"
    }
  }

yarn manifest: 
  No manifest

Lockfile: 
  No lockfile
